<?xml version="1.0" encoding="UTF-8"?>
<!-- Generated by org.testng.reporters.JUnitReportReporter -->
<testsuite hostname="DESKTOP-MHBC4F5" failures="0" tests="1" name="variousConcepts.LearningTestNg" time="3.815" errors="0" timestamp="2023-07-23T16:13:01 CDT" skipped="0">
  <testcase classname="variousConcepts.LearningTestNg" name="logintest" time="3.815"/>
</testsuite> <!-- variousConcepts.LearningTestNg -->
