<?xml version="1.0" encoding="UTF-8"?>
<!-- Generated by org.testng.reporters.JUnitReportReporter -->
<testsuite hostname="DESKTOP-MHBC4F5" failures="0" tests="2" name="variousConcepts.MyRealTestNg" time="9.968" errors="0" timestamp="2023-07-24T12:40:43 CDT" skipped="0">
  <testcase classname="variousConcepts.MyRealTestNg" name="login" time="3.460"/>
  <testcase classname="variousConcepts.MyRealTestNg" name="addCustomer" time="6.508"/>
</testsuite> <!-- variousConcepts.MyRealTestNg -->
